2025-03-28 17:13:42.881732 - Received CBT.V508.FILE083.PDS from FILE083.XMI 
2025-03-28 17:13:42.883398 - Found $$$$CBT.txt (text/plain) in CBT.V508.FILE083.PDS, moved to PDS/$$$$CBT
2025-03-28 17:13:42.884137 - Found $$$#DATE.txt (text/plain) in CBT.V508.FILE083.PDS, moved to PDS/$$$#DATE
2025-03-28 17:13:42.885406 - Found $$$READ.txt (text/plain) in CBT.V508.FILE083.PDS, moved to PDS/$$$READ
2025-03-28 17:13:42.887069 - Found $$INDEX.txt (text/plain) in CBT.V508.FILE083.PDS, moved to PDS/$$INDEX
2025-03-28 17:13:42.888112 - Found $ASM.jcl (text/plain) in CBT.V508.FILE083.PDS, moved to PDS/$ASM
2025-03-28 17:13:42.889203 - Found $ASM1.jcl (text/plain) in CBT.V508.FILE083.PDS, moved to PDS/$ASM1
2025-03-28 17:13:42.889990 - Found $DOC370.txt (text/plain) in CBT.V508.FILE083.PDS, moved to PDS/$DOC370
2025-03-28 17:13:42.890971 - Found $DOC390.txt (text/plain) in CBT.V508.FILE083.PDS, moved to PDS/$DOC390
2025-03-28 17:13:42.891747 - Found $IN370.jcl (text/plain) in CBT.V508.FILE083.PDS, moved to PDS/$IN370
2025-03-28 17:13:42.892279 - Found $IN390.jcl (text/plain) in CBT.V508.FILE083.PDS, moved to PDS/$IN390
2025-03-28 17:13:42.892880 - Found $IN390A.jcl (text/plain) in CBT.V508.FILE083.PDS, moved to PDS/$IN390A
2025-03-28 17:13:42.894052 - Found $LOADLIB.xmi (application/xmit) in CBT.V508.FILE083.PDS, moved to PDS/$LOADLIB
2025-03-28 17:13:42.898355 - Found $MAPDOC.txt (text/plain) in CBT.V508.FILE083.PDS, moved to PDS/$MAPDOC
2025-03-28 17:13:42.899006 - Found $RUN.jcl (text/plain) in CBT.V508.FILE083.PDS, moved to PDS/$RUN
2025-03-28 17:13:42.899728 - Found $RUN1.jcl (text/plain) in CBT.V508.FILE083.PDS, moved to PDS/$RUN1
2025-03-28 17:13:42.901502 - Found @FILE083.txt (text/plain) in CBT.V508.FILE083.PDS, moved to PDS/@FILE083
2025-03-28 17:13:42.903073 - Found CATDEV.txt (text/plain) in CBT.V508.FILE083.PDS, moved to PDS/CATDEV
2025-03-28 17:13:42.904345 - Found EXTREFS.txt (text/plain) in CBT.V508.FILE083.PDS, moved to PDS/EXTREFS
2025-03-28 17:13:42.905977 - Found ICFCAT.txt (text/plain) in CBT.V508.FILE083.PDS, moved to PDS/ICFCAT
2025-03-28 17:13:42.906792 - Found IEHMAP.txt (text/plain) in CBT.V508.FILE083.PDS, moved to PDS/IEHMAP
2025-03-28 17:13:42.909165 - Found IEHMAPCT.txt (text/plain) in CBT.V508.FILE083.PDS, moved to PDS/IEHMAPCT
2025-03-28 17:13:42.910786 - Found IEHMAPIN.txt (text/plain) in CBT.V508.FILE083.PDS, moved to PDS/IEHMAPIN
2025-03-28 17:13:42.911566 - Found MAPCATI.txt (text/plain) in CBT.V508.FILE083.PDS, moved to PDS/MAPCATI
2025-03-28 17:13:42.912335 - Found MAPCAT2.txt (text/plain) in CBT.V508.FILE083.PDS, moved to PDS/MAPCAT2
2025-03-28 17:13:42.913705 - Found MAPCAT3.txt (text/plain) in CBT.V508.FILE083.PDS, moved to PDS/MAPCAT3
2025-03-28 17:13:42.914517 - Found MAPDEV.txt (text/plain) in CBT.V508.FILE083.PDS, moved to PDS/MAPDEV
2025-03-28 17:13:42.915622 - Found MAPGRES.txt (text/plain) in CBT.V508.FILE083.PDS, moved to PDS/MAPGRES
2025-03-28 17:13:42.916230 - Found MAPGRESO.txt (text/plain) in CBT.V508.FILE083.PDS, moved to PDS/MAPGRESO
2025-03-28 17:13:42.916801 - Found MAPINIT.txt (text/plain) in CBT.V508.FILE083.PDS, moved to PDS/MAPINIT
2025-03-28 17:13:42.917364 - Found MAPINITA.txt (text/plain) in CBT.V508.FILE083.PDS, moved to PDS/MAPINITA
2025-03-28 17:13:42.918303 - Found MAPSPACE.txt (text/plain) in CBT.V508.FILE083.PDS, moved to PDS/MAPSPACE
2025-03-28 17:13:42.919119 - Found MAPTRACK.txt (text/plain) in CBT.V508.FILE083.PDS, moved to PDS/MAPTRACK
2025-03-28 17:13:42.919784 - Found MAPVMSG.txt (text/plain) in CBT.V508.FILE083.PDS, moved to PDS/MAPVMSG
2025-03-28 17:13:42.920836 - Found OBJMAP.bin (application/octet-stream) in CBT.V508.FILE083.PDS, moved to PDS/OBJMAP
2025-03-28 17:13:42.921588 - Found OBJMAPIN.bin (application/octet-stream) in CBT.V508.FILE083.PDS, moved to PDS/OBJMAPIN
2025-03-28 17:13:42.922282 - Found REQU.txt (text/plain) in CBT.V508.FILE083.PDS, moved to PDS/REQU
2025-03-28 17:13:42.924142 - Found SRCMAP.txt (text/plain) in CBT.V508.FILE083.PDS, moved to PDS/SRCMAP
2025-03-28 17:13:42.925591 - Found SRCMAPIN.txt (text/plain) in CBT.V508.FILE083.PDS, moved to PDS/SRCMAPIN
2025-03-28 17:13:42.926334 - Found WORKAREA.txt (text/plain) in CBT.V508.FILE083.PDS, moved to PDS/WORKAREA
2025-03-28 17:13:42.927276 - Found ZAPEDIT.txt (text/plain) in CBT.V508.FILE083.PDS, moved to PDS/ZAPEDIT
2025-03-28 17:13:42.927827 - Found ZAPKEY.txt (text/plain) in CBT.V508.FILE083.PDS, moved to PDS/ZAPKEY
2025-03-28 17:13:42.931655 - Found ZAP1.txt (text/plain) in CBT.V508.FILE083.PDS, moved to PDS/ZAP1
2025-03-28 17:13:42.932314 - Found ZAP10.txt (text/plain) in CBT.V508.FILE083.PDS, moved to PDS/ZAP10
2025-03-28 17:13:42.933196 - Found ZAP11.txt (text/plain) in CBT.V508.FILE083.PDS, moved to PDS/ZAP11
2025-03-28 17:13:42.934718 - Found ZAP12.txt (text/plain) in CBT.V508.FILE083.PDS, moved to PDS/ZAP12
2025-03-28 17:13:42.935899 - Found ZAP13.txt (text/plain) in CBT.V508.FILE083.PDS, moved to PDS/ZAP13
2025-03-28 17:13:42.936712 - Found ZAP2.txt (text/plain) in CBT.V508.FILE083.PDS, moved to PDS/ZAP2
2025-03-28 17:13:42.937236 - Found ZAP3.txt (text/plain) in CBT.V508.FILE083.PDS, moved to PDS/ZAP3
2025-03-28 17:13:42.937809 - Found ZAP4.txt (text/plain) in CBT.V508.FILE083.PDS, moved to PDS/ZAP4
2025-03-28 17:13:42.939088 - Found ZAP5.txt (text/plain) in CBT.V508.FILE083.PDS, moved to PDS/ZAP5
2025-03-28 17:13:42.940198 - Found ZAP6.txt (text/plain) in CBT.V508.FILE083.PDS, moved to PDS/ZAP6
2025-03-28 17:13:42.941186 - Found ZAP7.txt (text/plain) in CBT.V508.FILE083.PDS, moved to PDS/ZAP7
2025-03-28 17:13:42.941874 - Found ZAP8.txt (text/plain) in CBT.V508.FILE083.PDS, moved to PDS/ZAP8
2025-03-28 17:13:42.942610 - Found ZAP9.txt (text/plain) in CBT.V508.FILE083.PDS, moved to PDS/ZAP9
